{"/Users/piercemorris/Documents/bjss/BJSSOfficeJukebox/index.js": {"path":"/Users/piercemorris/Documents/bjss/BJSSOfficeJukebox/index.js","statementMap":{"0":{"start":{"line":1,"column":16},"end":{"line":1,"column":34}},"1":{"start":{"line":2,"column":13},"end":{"line":2,"column":28}},"2":{"start":{"line":3,"column":12},"end":{"line":3,"column":49}},"3":{"start":{"line":4,"column":12},"end":{"line":4,"column":26}},"4":{"start":{"line":5,"column":0},"end":{"line":5,"column":44}},"5":{"start":{"line":7,"column":15},"end":{"line":7,"column":24}},"6":{"start":{"line":8,"column":12},"end":{"line":8,"column":25}},"7":{"start":{"line":9,"column":15},"end":{"line":9,"column":38}},"8":{"start":{"line":10,"column":13},"end":{"line":10,"column":37}},"9":{"start":{"line":12,"column":0},"end":{"line":12,"column":32}},"10":{"start":{"line":13,"column":0},"end":{"line":13,"column":26}},"11":{"start":{"line":14,"column":0},"end":{"line":14,"column":36}},"12":{"start":{"line":16,"column":0},"end":{"line":18,"column":3}},"13":{"start":{"line":17,"column":2},"end":{"line":17,"column":26}},"14":{"start":{"line":20,"column":0},"end":{"line":25,"column":24}},"15":{"start":{"line":23,"column":4},"end":{"line":23,"column":79}},"16":{"start":{"line":23,"column":37},"end":{"line":23,"column":77}}},"fnMap":{"0":{"name":"(anonymous_0)","decl":{"start":{"line":16,"column":16},"end":{"line":16,"column":17}},"loc":{"start":{"line":16,"column":30},"end":{"line":18,"column":1}},"line":16},"1":{"name":"(anonymous_1)","decl":{"start":{"line":22,"column":8},"end":{"line":22,"column":9}},"loc":{"start":{"line":22,"column":14},"end":{"line":24,"column":3}},"line":22},"2":{"name":"(anonymous_2)","decl":{"start":{"line":23,"column":31},"end":{"line":23,"column":32}},"loc":{"start":{"line":23,"column":37},"end":{"line":23,"column":77}},"line":23}},"branchMap":{"0":{"loc":{"start":{"line":10,"column":13},"end":{"line":10,"column":37}},"type":"binary-expr","locations":[{"start":{"line":10,"column":13},"end":{"line":10,"column":29}},{"start":{"line":10,"column":33},"end":{"line":10,"column":37}}],"line":10}},"s":{"0":1,"1":1,"2":1,"3":1,"4":1,"5":1,"6":1,"7":1,"8":1,"9":1,"10":1,"11":1,"12":1,"13":0,"14":1,"15":1,"16":1},"f":{"0":0,"1":1,"2":1},"b":{"0":[1,1]},"_coverageSchema":"332fd63041d2c1bcb487cc26dd0d5f7d97098a6c","hash":"8fb483182b95bd3bd88f4b5358ce09803b753607"}
,"/Users/piercemorris/Documents/bjss/BJSSOfficeJukebox/next.config.js": {"path":"/Users/piercemorris/Documents/bjss/BJSSOfficeJukebox/next.config.js","statementMap":{"0":{"start":{"line":1,"column":17},"end":{"line":1,"column":43}},"1":{"start":{"line":2,"column":0},"end":{"line":2,"column":28}}},"fnMap":{},"branchMap":{},"s":{"0":1,"1":1},"f":{},"b":{},"_coverageSchema":"332fd63041d2c1bcb487cc26dd0d5f7d97098a6c","hash":"66aff720679b74a9641722711acf99263e5f6355"}
,"/Users/piercemorris/Documents/bjss/BJSSOfficeJukebox/middleware/auth.js": {"path":"/Users/piercemorris/Documents/bjss/BJSSOfficeJukebox/middleware/auth.js","statementMap":{"0":{"start":{"line":1,"column":12},"end":{"line":1,"column":35}},"1":{"start":{"line":2,"column":15},"end":{"line":2,"column":32}},"2":{"start":{"line":4,"column":0},"end":{"line":15,"column":2}},"3":{"start":{"line":5,"column":16},"end":{"line":5,"column":42}},"4":{"start":{"line":6,"column":2},"end":{"line":6,"column":79}},"5":{"start":{"line":6,"column":14},"end":{"line":6,"column":79}},"6":{"start":{"line":8,"column":2},"end":{"line":14,"column":3}},"7":{"start":{"line":9,"column":20},"end":{"line":9,"column":66}},"8":{"start":{"line":10,"column":4},"end":{"line":10,"column":23}},"9":{"start":{"line":11,"column":4},"end":{"line":11,"column":11}},"10":{"start":{"line":13,"column":4},"end":{"line":13,"column":43}}},"fnMap":{"0":{"name":"auth","decl":{"start":{"line":4,"column":26},"end":{"line":4,"column":30}},"loc":{"start":{"line":4,"column":47},"end":{"line":15,"column":1}},"line":4}},"branchMap":{"0":{"loc":{"start":{"line":6,"column":2},"end":{"line":6,"column":79}},"type":"if","locations":[{"start":{"line":6,"column":2},"end":{"line":6,"column":79}},{"start":{"line":6,"column":2},"end":{"line":6,"column":79}}],"line":6}},"s":{"0":1,"1":1,"2":1,"3":0,"4":0,"5":0,"6":0,"7":0,"8":0,"9":0,"10":0},"f":{"0":0},"b":{"0":[0,0]},"_coverageSchema":"332fd63041d2c1bcb487cc26dd0d5f7d97098a6c","hash":"12b23726b0220d9d5a6b947a306548db09da2ec9"}
,"/Users/piercemorris/Documents/bjss/BJSSOfficeJukebox/models/song.js": {"path":"/Users/piercemorris/Documents/bjss/BJSSOfficeJukebox/models/song.js","statementMap":{"0":{"start":{"line":1,"column":17},"end":{"line":1,"column":36}},"1":{"start":{"line":2,"column":12},"end":{"line":2,"column":26}},"2":{"start":{"line":4,"column":19},"end":{"line":25,"column":2}},"3":{"start":{"line":27,"column":13},"end":{"line":27,"column":47}},"4":{"start":{"line":30,"column":17},"end":{"line":34,"column":3}},"5":{"start":{"line":35,"column":2},"end":{"line":35,"column":36}},"6":{"start":{"line":38,"column":0},"end":{"line":38,"column":32}},"7":{"start":{"line":39,"column":0},"end":{"line":39,"column":20}},"8":{"start":{"line":40,"column":0},"end":{"line":40,"column":32}}},"fnMap":{"0":{"name":"validateSong","decl":{"start":{"line":29,"column":9},"end":{"line":29,"column":21}},"loc":{"start":{"line":29,"column":28},"end":{"line":36,"column":1}},"line":29}},"branchMap":{},"s":{"0":1,"1":1,"2":1,"3":1,"4":2,"5":2,"6":1,"7":1,"8":1},"f":{"0":2},"b":{},"_coverageSchema":"332fd63041d2c1bcb487cc26dd0d5f7d97098a6c","hash":"b46c661efd47e706fa13ecc934be42f7c3ea2d9a"}
,"/Users/piercemorris/Documents/bjss/BJSSOfficeJukebox/models/user.js": {"path":"/Users/piercemorris/Documents/bjss/BJSSOfficeJukebox/models/user.js","statementMap":{"0":{"start":{"line":1,"column":17},"end":{"line":1,"column":36}},"1":{"start":{"line":2,"column":12},"end":{"line":2,"column":26}},"2":{"start":{"line":3,"column":12},"end":{"line":3,"column":35}},"3":{"start":{"line":4,"column":15},"end":{"line":4,"column":32}},"4":{"start":{"line":6,"column":26},"end":{"line":6,"column":27}},"5":{"start":{"line":7,"column":26},"end":{"line":7,"column":28}},"6":{"start":{"line":8,"column":26},"end":{"line":8,"column":27}},"7":{"start":{"line":9,"column":26},"end":{"line":9,"column":28}},"8":{"start":{"line":11,"column":19},"end":{"line":36,"column":2}},"9":{"start":{"line":38,"column":0},"end":{"line":48,"column":2}},"10":{"start":{"line":39,"column":16},"end":{"line":46,"column":3}},"11":{"start":{"line":47,"column":2},"end":{"line":47,"column":15}},"12":{"start":{"line":50,"column":13},"end":{"line":50,"column":47}},"13":{"start":{"line":53,"column":17},"end":{"line":63,"column":3}},"14":{"start":{"line":64,"column":2},"end":{"line":64,"column":36}},"15":{"start":{"line":67,"column":0},"end":{"line":67,"column":32}},"16":{"start":{"line":68,"column":0},"end":{"line":68,"column":20}},"17":{"start":{"line":69,"column":0},"end":{"line":69,"column":32}}},"fnMap":{"0":{"name":"(anonymous_0)","decl":{"start":{"line":38,"column":39},"end":{"line":38,"column":40}},"loc":{"start":{"line":38,"column":51},"end":{"line":48,"column":1}},"line":38},"1":{"name":"validateUser","decl":{"start":{"line":52,"column":9},"end":{"line":52,"column":21}},"loc":{"start":{"line":52,"column":28},"end":{"line":65,"column":1}},"line":52}},"branchMap":{},"s":{"0":2,"1":2,"2":2,"3":2,"4":2,"5":2,"6":2,"7":2,"8":2,"9":2,"10":1,"11":1,"12":2,"13":0,"14":0,"15":2,"16":2,"17":2},"f":{"0":1,"1":0},"b":{},"_coverageSchema":"332fd63041d2c1bcb487cc26dd0d5f7d97098a6c","hash":"8fc7440affc45ea60dfe4ed65b39929bfe08a4ea"}
,"/Users/piercemorris/Documents/bjss/BJSSOfficeJukebox/routes/songs.js": {"path":"/Users/piercemorris/Documents/bjss/BJSSOfficeJukebox/routes/songs.js","statementMap":{"0":{"start":{"line":1,"column":16},"end":{"line":1,"column":34}},"1":{"start":{"line":2,"column":15},"end":{"line":2,"column":31}},"2":{"start":{"line":3,"column":10},"end":{"line":3,"column":27}},"3":{"start":{"line":4,"column":27},"end":{"line":4,"column":52}},"4":{"start":{"line":5,"column":17},"end":{"line":5,"column":42}},"5":{"start":{"line":6,"column":17},"end":{"line":6,"column":55}},"6":{"start":{"line":9,"column":0},"end":{"line":21,"column":3}},"7":{"start":{"line":10,"column":16},"end":{"line":10,"column":33}},"8":{"start":{"line":12,"column":2},"end":{"line":17,"column":5}},"9":{"start":{"line":13,"column":4},"end":{"line":16,"column":9}},"10":{"start":{"line":18,"column":2},"end":{"line":18,"column":54}},"11":{"start":{"line":20,"column":2},"end":{"line":20,"column":33}},"12":{"start":{"line":24,"column":0},"end":{"line":58,"column":3}},"13":{"start":{"line":25,"column":20},"end":{"line":25,"column":38}},"14":{"start":{"line":26,"column":2},"end":{"line":26,"column":95}},"15":{"start":{"line":26,"column":13},"end":{"line":26,"column":95}},"16":{"start":{"line":27,"column":18},"end":{"line":27,"column":28}},"17":{"start":{"line":30,"column":4},"end":{"line":30,"column":45}},"18":{"start":{"line":31,"column":2},"end":{"line":31,"column":85}},"19":{"start":{"line":31,"column":13},"end":{"line":31,"column":85}},"20":{"start":{"line":33,"column":23},"end":{"line":33,"column":90}},"21":{"start":{"line":37,"column":4},"end":{"line":42,"column":8}},"22":{"start":{"line":43,"column":2},"end":{"line":43,"column":108}},"23":{"start":{"line":43,"column":19},"end":{"line":43,"column":108}},"24":{"start":{"line":44,"column":2},"end":{"line":44,"column":26}},"25":{"start":{"line":47,"column":13},"end":{"line":53,"column":4}},"26":{"start":{"line":56,"column":2},"end":{"line":56,"column":27}},"27":{"start":{"line":57,"column":2},"end":{"line":57,"column":29}},"28":{"start":{"line":61,"column":0},"end":{"line":66,"column":3}},"29":{"start":{"line":62,"column":15},"end":{"line":62,"column":58}},"30":{"start":{"line":63,"column":2},"end":{"line":64,"column":76}},"31":{"start":{"line":64,"column":4},"end":{"line":64,"column":76}},"32":{"start":{"line":65,"column":2},"end":{"line":65,"column":29}},"33":{"start":{"line":68,"column":0},"end":{"line":68,"column":24}}},"fnMap":{"0":{"name":"(anonymous_0)","decl":{"start":{"line":9,"column":16},"end":{"line":9,"column":17}},"loc":{"start":{"line":9,"column":36},"end":{"line":21,"column":1}},"line":9},"1":{"name":"(anonymous_1)","decl":{"start":{"line":12,"column":16},"end":{"line":12,"column":17}},"loc":{"start":{"line":12,"column":32},"end":{"line":17,"column":3}},"line":12},"2":{"name":"(anonymous_2)","decl":{"start":{"line":24,"column":17},"end":{"line":24,"column":18}},"loc":{"start":{"line":24,"column":37},"end":{"line":58,"column":1}},"line":24},"3":{"name":"(anonymous_3)","decl":{"start":{"line":61,"column":22},"end":{"line":61,"column":23}},"loc":{"start":{"line":61,"column":42},"end":{"line":66,"column":1}},"line":61}},"branchMap":{"0":{"loc":{"start":{"line":26,"column":2},"end":{"line":26,"column":95}},"type":"if","locations":[{"start":{"line":26,"column":2},"end":{"line":26,"column":95}},{"start":{"line":26,"column":2},"end":{"line":26,"column":95}}],"line":26},"1":{"loc":{"start":{"line":31,"column":2},"end":{"line":31,"column":85}},"type":"if","locations":[{"start":{"line":31,"column":2},"end":{"line":31,"column":85}},{"start":{"line":31,"column":2},"end":{"line":31,"column":85}}],"line":31},"2":{"loc":{"start":{"line":43,"column":2},"end":{"line":43,"column":108}},"type":"if","locations":[{"start":{"line":43,"column":2},"end":{"line":43,"column":108}},{"start":{"line":43,"column":2},"end":{"line":43,"column":108}}],"line":43},"3":{"loc":{"start":{"line":63,"column":2},"end":{"line":64,"column":76}},"type":"if","locations":[{"start":{"line":63,"column":2},"end":{"line":64,"column":76}},{"start":{"line":63,"column":2},"end":{"line":64,"column":76}}],"line":63}},"s":{"0":1,"1":1,"2":1,"3":1,"4":1,"5":1,"6":1,"7":1,"8":1,"9":2,"10":1,"11":1,"12":1,"13":2,"14":2,"15":2,"16":0,"17":0,"18":0,"19":0,"20":0,"21":0,"22":0,"23":0,"24":0,"25":0,"26":0,"27":0,"28":1,"29":0,"30":0,"31":0,"32":0,"33":1},"f":{"0":1,"1":2,"2":2,"3":0},"b":{"0":[2,0],"1":[0,0],"2":[0,0],"3":[0,0]},"_coverageSchema":"332fd63041d2c1bcb487cc26dd0d5f7d97098a6c","hash":"44813580b55db47e3af5129b36cf482c26ef7f69"}
,"/Users/piercemorris/Documents/bjss/BJSSOfficeJukebox/routes/spotify.js": {"path":"/Users/piercemorris/Documents/bjss/BJSSOfficeJukebox/routes/spotify.js","statementMap":{"0":{"start":{"line":1,"column":16},"end":{"line":1,"column":34}},"1":{"start":{"line":2,"column":15},"end":{"line":2,"column":32}},"2":{"start":{"line":3,"column":22},"end":{"line":3,"column":53}},"3":{"start":{"line":4,"column":27},"end":{"line":4,"column":52}},"4":{"start":{"line":5,"column":15},"end":{"line":5,"column":31}},"5":{"start":{"line":7,"column":15},"end":{"line":13,"column":1}},"6":{"start":{"line":14,"column":14},"end":{"line":14,"column":20}},"7":{"start":{"line":15,"column":12},"end":{"line":15,"column":61}},"8":{"start":{"line":16,"column":17},"end":{"line":16,"column":73}},"9":{"start":{"line":17,"column":21},"end":{"line":17,"column":85}},"10":{"start":{"line":18,"column":20},"end":{"line":18,"column":74}},"11":{"start":{"line":20,"column":19},"end":{"line":24,"column":2}},"12":{"start":{"line":26,"column":0},"end":{"line":29,"column":3}},"13":{"start":{"line":27,"column":23},"end":{"line":27,"column":67}},"14":{"start":{"line":28,"column":2},"end":{"line":28,"column":29}},"15":{"start":{"line":31,"column":0},"end":{"line":45,"column":3}},"16":{"start":{"line":32,"column":15},"end":{"line":32,"column":37}},"17":{"start":{"line":33,"column":19},"end":{"line":33,"column":64}},"18":{"start":{"line":35,"column":2},"end":{"line":35,"column":48}},"19":{"start":{"line":36,"column":2},"end":{"line":36,"column":56}},"20":{"start":{"line":37,"column":2},"end":{"line":37,"column":58}},"21":{"start":{"line":38,"column":2},"end":{"line":38,"column":20}},"22":{"start":{"line":40,"column":2},"end":{"line":44,"column":14}},"23":{"start":{"line":41,"column":4},"end":{"line":41,"column":56}},"24":{"start":{"line":42,"column":21},"end":{"line":42,"column":58}},"25":{"start":{"line":43,"column":4},"end":{"line":43,"column":58}},"26":{"start":{"line":47,"column":0},"end":{"line":51,"column":3}},"27":{"start":{"line":48,"column":19},"end":{"line":48,"column":56}},"28":{"start":{"line":50,"column":2},"end":{"line":50,"column":56}},"29":{"start":{"line":53,"column":0},"end":{"line":59,"column":3}},"30":{"start":{"line":54,"column":2},"end":{"line":58,"column":62}},"31":{"start":{"line":55,"column":18},"end":{"line":55,"column":34}},"32":{"start":{"line":56,"column":21},"end":{"line":56,"column":57}},"33":{"start":{"line":57,"column":4},"end":{"line":57,"column":53}},"34":{"start":{"line":58,"column":17},"end":{"line":58,"column":60}},"35":{"start":{"line":61,"column":0},"end":{"line":71,"column":3}},"36":{"start":{"line":62,"column":2},"end":{"line":70,"column":62}},"37":{"start":{"line":63,"column":4},"end":{"line":69,"column":9}},"38":{"start":{"line":65,"column":8},"end":{"line":65,"column":39}},"39":{"start":{"line":68,"column":8},"end":{"line":68,"column":32}},"40":{"start":{"line":70,"column":17},"end":{"line":70,"column":60}},"41":{"start":{"line":73,"column":0},"end":{"line":78,"column":3}},"42":{"start":{"line":74,"column":2},"end":{"line":77,"column":62}},"43":{"start":{"line":75,"column":21},"end":{"line":75,"column":41}},"44":{"start":{"line":76,"column":4},"end":{"line":76,"column":35}},"45":{"start":{"line":77,"column":17},"end":{"line":77,"column":60}},"46":{"start":{"line":80,"column":0},"end":{"line":87,"column":3}},"47":{"start":{"line":81,"column":2},"end":{"line":86,"column":62}},"48":{"start":{"line":82,"column":19},"end":{"line":82,"column":39}},"49":{"start":{"line":83,"column":21},"end":{"line":83,"column":59}},"50":{"start":{"line":85,"column":4},"end":{"line":85,"column":35}},"51":{"start":{"line":86,"column":17},"end":{"line":86,"column":60}},"52":{"start":{"line":89,"column":0},"end":{"line":97,"column":3}},"53":{"start":{"line":91,"column":2},"end":{"line":96,"column":62}},"54":{"start":{"line":92,"column":20},"end":{"line":92,"column":38}},"55":{"start":{"line":93,"column":21},"end":{"line":93,"column":55}},"56":{"start":{"line":95,"column":4},"end":{"line":95,"column":35}},"57":{"start":{"line":96,"column":17},"end":{"line":96,"column":60}},"58":{"start":{"line":99,"column":0},"end":{"line":105,"column":3}},"59":{"start":{"line":100,"column":2},"end":{"line":104,"column":62}},"60":{"start":{"line":101,"column":21},"end":{"line":101,"column":70}},"61":{"start":{"line":103,"column":4},"end":{"line":103,"column":35}},"62":{"start":{"line":104,"column":17},"end":{"line":104,"column":60}},"63":{"start":{"line":107,"column":0},"end":{"line":112,"column":3}},"64":{"start":{"line":108,"column":2},"end":{"line":111,"column":62}},"65":{"start":{"line":109,"column":21},"end":{"line":109,"column":66}},"66":{"start":{"line":110,"column":4},"end":{"line":110,"column":35}},"67":{"start":{"line":111,"column":17},"end":{"line":111,"column":60}},"68":{"start":{"line":114,"column":0},"end":{"line":126,"column":3}},"69":{"start":{"line":115,"column":2},"end":{"line":125,"column":62}},"70":{"start":{"line":116,"column":21},"end":{"line":116,"column":45}},"71":{"start":{"line":117,"column":27},"end":{"line":117,"column":58}},"72":{"start":{"line":119,"column":20},"end":{"line":122,"column":5}},"73":{"start":{"line":124,"column":4},"end":{"line":124,"column":34}},"74":{"start":{"line":125,"column":17},"end":{"line":125,"column":60}},"75":{"start":{"line":128,"column":0},"end":{"line":155,"column":3}},"76":{"start":{"line":129,"column":2},"end":{"line":154,"column":62}},"77":{"start":{"line":130,"column":18},"end":{"line":130,"column":32}},"78":{"start":{"line":131,"column":21},"end":{"line":131,"column":57}},"79":{"start":{"line":134,"column":4},"end":{"line":135,"column":52}},"80":{"start":{"line":135,"column":6},"end":{"line":135,"column":52}},"81":{"start":{"line":137,"column":18},"end":{"line":137,"column":47}},"82":{"start":{"line":138,"column":20},"end":{"line":140,"column":5}},"83":{"start":{"line":143,"column":15},"end":{"line":149,"column":6}},"84":{"start":{"line":152,"column":4},"end":{"line":152,"column":29}},"85":{"start":{"line":153,"column":4},"end":{"line":153,"column":31}},"86":{"start":{"line":154,"column":17},"end":{"line":154,"column":60}},"87":{"start":{"line":157,"column":0},"end":{"line":157,"column":24}}},"fnMap":{"0":{"name":"(anonymous_0)","decl":{"start":{"line":26,"column":21},"end":{"line":26,"column":22}},"loc":{"start":{"line":26,"column":35},"end":{"line":29,"column":1}},"line":26},"1":{"name":"(anonymous_1)","decl":{"start":{"line":31,"column":24},"end":{"line":31,"column":25}},"loc":{"start":{"line":31,"column":44},"end":{"line":45,"column":1}},"line":31},"2":{"name":"(anonymous_2)","decl":{"start":{"line":40,"column":14},"end":{"line":40,"column":15}},"loc":{"start":{"line":40,"column":26},"end":{"line":44,"column":3}},"line":40},"3":{"name":"(anonymous_3)","decl":{"start":{"line":47,"column":23},"end":{"line":47,"column":24}},"loc":{"start":{"line":47,"column":43},"end":{"line":51,"column":1}},"line":47},"4":{"name":"(anonymous_4)","decl":{"start":{"line":53,"column":29},"end":{"line":53,"column":30}},"loc":{"start":{"line":53,"column":49},"end":{"line":59,"column":1}},"line":53},"5":{"name":"(anonymous_5)","decl":{"start":{"line":61,"column":27},"end":{"line":61,"column":28}},"loc":{"start":{"line":61,"column":47},"end":{"line":71,"column":1}},"line":61},"6":{"name":"(anonymous_6)","decl":{"start":{"line":64,"column":12},"end":{"line":64,"column":13}},"loc":{"start":{"line":64,"column":24},"end":{"line":66,"column":7}},"line":64},"7":{"name":"(anonymous_7)","decl":{"start":{"line":67,"column":13},"end":{"line":67,"column":14}},"loc":{"start":{"line":67,"column":20},"end":{"line":69,"column":7}},"line":67},"8":{"name":"(anonymous_8)","decl":{"start":{"line":73,"column":21},"end":{"line":73,"column":22}},"loc":{"start":{"line":73,"column":41},"end":{"line":78,"column":1}},"line":73},"9":{"name":"(anonymous_9)","decl":{"start":{"line":80,"column":33},"end":{"line":80,"column":34}},"loc":{"start":{"line":80,"column":53},"end":{"line":87,"column":1}},"line":80},"10":{"name":"(anonymous_10)","decl":{"start":{"line":89,"column":29},"end":{"line":89,"column":30}},"loc":{"start":{"line":89,"column":49},"end":{"line":97,"column":1}},"line":89},"11":{"name":"(anonymous_11)","decl":{"start":{"line":99,"column":26},"end":{"line":99,"column":27}},"loc":{"start":{"line":99,"column":46},"end":{"line":105,"column":1}},"line":99},"12":{"name":"(anonymous_12)","decl":{"start":{"line":107,"column":26},"end":{"line":107,"column":27}},"loc":{"start":{"line":107,"column":46},"end":{"line":112,"column":1}},"line":107},"13":{"name":"(anonymous_13)","decl":{"start":{"line":114,"column":21},"end":{"line":114,"column":22}},"loc":{"start":{"line":114,"column":41},"end":{"line":126,"column":1}},"line":114},"14":{"name":"(anonymous_14)","decl":{"start":{"line":128,"column":22},"end":{"line":128,"column":23}},"loc":{"start":{"line":128,"column":42},"end":{"line":155,"column":1}},"line":128}},"branchMap":{"0":{"loc":{"start":{"line":15,"column":12},"end":{"line":15,"column":61}},"type":"binary-expr","locations":[{"start":{"line":15,"column":12},"end":{"line":15,"column":36}},{"start":{"line":15,"column":40},"end":{"line":15,"column":61}}],"line":15},"1":{"loc":{"start":{"line":16,"column":17},"end":{"line":16,"column":73}},"type":"binary-expr","locations":[{"start":{"line":16,"column":17},"end":{"line":16,"column":38}},{"start":{"line":16,"column":42},"end":{"line":16,"column":73}}],"line":16},"2":{"loc":{"start":{"line":17,"column":21},"end":{"line":17,"column":85}},"type":"binary-expr","locations":[{"start":{"line":17,"column":21},"end":{"line":17,"column":46}},{"start":{"line":17,"column":50},"end":{"line":17,"column":85}}],"line":17},"3":{"loc":{"start":{"line":18,"column":20},"end":{"line":18,"column":74}},"type":"binary-expr","locations":[{"start":{"line":18,"column":20},"end":{"line":18,"column":44}},{"start":{"line":18,"column":48},"end":{"line":18,"column":74}}],"line":18},"4":{"loc":{"start":{"line":32,"column":15},"end":{"line":32,"column":37}},"type":"binary-expr","locations":[{"start":{"line":32,"column":15},"end":{"line":32,"column":29}},{"start":{"line":32,"column":33},"end":{"line":32,"column":37}}],"line":32},"5":{"loc":{"start":{"line":134,"column":4},"end":{"line":135,"column":52}},"type":"if","locations":[{"start":{"line":134,"column":4},"end":{"line":135,"column":52}},{"start":{"line":134,"column":4},"end":{"line":135,"column":52}}],"line":134}},"s":{"0":1,"1":1,"2":1,"3":1,"4":1,"5":1,"6":1,"7":1,"8":1,"9":1,"10":1,"11":1,"12":1,"13":0,"14":0,"15":1,"16":0,"17":0,"18":0,"19":0,"20":0,"21":0,"22":0,"23":0,"24":0,"25":0,"26":1,"27":0,"28":0,"29":1,"30":0,"31":0,"32":0,"33":0,"34":0,"35":1,"36":0,"37":0,"38":0,"39":0,"40":0,"41":1,"42":0,"43":0,"44":0,"45":0,"46":1,"47":0,"48":0,"49":0,"50":0,"51":0,"52":1,"53":0,"54":0,"55":0,"56":0,"57":0,"58":1,"59":0,"60":0,"61":0,"62":0,"63":1,"64":0,"65":0,"66":0,"67":0,"68":1,"69":0,"70":0,"71":0,"72":0,"73":0,"74":0,"75":1,"76":0,"77":0,"78":0,"79":0,"80":0,"81":0,"82":0,"83":0,"84":0,"85":0,"86":0,"87":1},"f":{"0":0,"1":0,"2":0,"3":0,"4":0,"5":0,"6":0,"7":0,"8":0,"9":0,"10":0,"11":0,"12":0,"13":0,"14":0},"b":{"0":[1,1],"1":[1,1],"2":[1,1],"3":[1,1],"4":[0,0],"5":[0,0]},"_coverageSchema":"332fd63041d2c1bcb487cc26dd0d5f7d97098a6c","hash":"c3005a7a7767fc39a627775a69af441adfb8dbd7"}
,"/Users/piercemorris/Documents/bjss/BJSSOfficeJukebox/routes/users.js": {"path":"/Users/piercemorris/Documents/bjss/BJSSOfficeJukebox/routes/users.js","statementMap":{"0":{"start":{"line":1,"column":16},"end":{"line":1,"column":34}},"1":{"start":{"line":2,"column":15},"end":{"line":2,"column":31}},"2":{"start":{"line":3,"column":15},"end":{"line":3,"column":32}},"3":{"start":{"line":4,"column":10},"end":{"line":4,"column":27}},"4":{"start":{"line":5,"column":13},"end":{"line":5,"column":42}},"5":{"start":{"line":6,"column":27},"end":{"line":6,"column":52}},"6":{"start":{"line":9,"column":0},"end":{"line":15,"column":3}},"7":{"start":{"line":10,"column":15},"end":{"line":12,"column":3}},"8":{"start":{"line":13,"column":2},"end":{"line":13,"column":58}},"9":{"start":{"line":13,"column":13},"end":{"line":13,"column":58}},"10":{"start":{"line":14,"column":2},"end":{"line":14,"column":17}},"11":{"start":{"line":18,"column":0},"end":{"line":42,"column":3}},"12":{"start":{"line":19,"column":20},"end":{"line":19,"column":38}},"13":{"start":{"line":20,"column":2},"end":{"line":20,"column":67}},"14":{"start":{"line":20,"column":13},"end":{"line":20,"column":67}},"15":{"start":{"line":22,"column":13},"end":{"line":22,"column":64}},"16":{"start":{"line":23,"column":2},"end":{"line":23,"column":70}},"17":{"start":{"line":23,"column":12},"end":{"line":23,"column":70}},"18":{"start":{"line":25,"column":2},"end":{"line":32,"column":5}},"19":{"start":{"line":35,"column":15},"end":{"line":35,"column":39}},"20":{"start":{"line":36,"column":2},"end":{"line":36,"column":57}},"21":{"start":{"line":37,"column":2},"end":{"line":37,"column":20}},"22":{"start":{"line":40,"column":16},"end":{"line":40,"column":40}},"23":{"start":{"line":41,"column":2},"end":{"line":41,"column":60}},"24":{"start":{"line":45,"column":0},"end":{"line":58,"column":3}},"25":{"start":{"line":46,"column":20},"end":{"line":46,"column":38}},"26":{"start":{"line":47,"column":2},"end":{"line":47,"column":67}},"27":{"start":{"line":47,"column":13},"end":{"line":47,"column":67}},"28":{"start":{"line":49,"column":13},"end":{"line":49,"column":64}},"29":{"start":{"line":50,"column":2},"end":{"line":50,"column":75}},"30":{"start":{"line":50,"column":13},"end":{"line":50,"column":75}},"31":{"start":{"line":53,"column":16},"end":{"line":53,"column":70}},"32":{"start":{"line":54,"column":2},"end":{"line":57,"column":71}},"33":{"start":{"line":55,"column":18},"end":{"line":55,"column":42}},"34":{"start":{"line":56,"column":4},"end":{"line":56,"column":50}},"35":{"start":{"line":57,"column":9},"end":{"line":57,"column":71}},"36":{"start":{"line":61,"column":0},"end":{"line":77,"column":3}},"37":{"start":{"line":62,"column":20},"end":{"line":62,"column":38}},"38":{"start":{"line":63,"column":2},"end":{"line":63,"column":67}},"39":{"start":{"line":63,"column":13},"end":{"line":63,"column":67}},"40":{"start":{"line":66,"column":23},"end":{"line":66,"column":31}},"41":{"start":{"line":67,"column":15},"end":{"line":67,"column":39}},"42":{"start":{"line":68,"column":19},"end":{"line":68,"column":61}},"43":{"start":{"line":69,"column":15},"end":{"line":72,"column":4}},"44":{"start":{"line":74,"column":2},"end":{"line":75,"column":76}},"45":{"start":{"line":75,"column":4},"end":{"line":75,"column":76}},"46":{"start":{"line":76,"column":2},"end":{"line":76,"column":17}},"47":{"start":{"line":80,"column":0},"end":{"line":85,"column":3}},"48":{"start":{"line":81,"column":15},"end":{"line":81,"column":57}},"49":{"start":{"line":82,"column":2},"end":{"line":83,"column":76}},"50":{"start":{"line":83,"column":4},"end":{"line":83,"column":76}},"51":{"start":{"line":84,"column":2},"end":{"line":84,"column":17}},"52":{"start":{"line":87,"column":0},"end":{"line":87,"column":24}}},"fnMap":{"0":{"name":"(anonymous_0)","decl":{"start":{"line":9,"column":19},"end":{"line":9,"column":20}},"loc":{"start":{"line":9,"column":39},"end":{"line":15,"column":1}},"line":9},"1":{"name":"(anonymous_1)","decl":{"start":{"line":18,"column":17},"end":{"line":18,"column":18}},"loc":{"start":{"line":18,"column":37},"end":{"line":42,"column":1}},"line":18},"2":{"name":"(anonymous_2)","decl":{"start":{"line":45,"column":22},"end":{"line":45,"column":23}},"loc":{"start":{"line":45,"column":42},"end":{"line":58,"column":1}},"line":45},"3":{"name":"(anonymous_3)","decl":{"start":{"line":61,"column":24},"end":{"line":61,"column":25}},"loc":{"start":{"line":61,"column":44},"end":{"line":77,"column":1}},"line":61},"4":{"name":"(anonymous_4)","decl":{"start":{"line":80,"column":27},"end":{"line":80,"column":28}},"loc":{"start":{"line":80,"column":47},"end":{"line":85,"column":1}},"line":80}},"branchMap":{"0":{"loc":{"start":{"line":13,"column":2},"end":{"line":13,"column":58}},"type":"if","locations":[{"start":{"line":13,"column":2},"end":{"line":13,"column":58}},{"start":{"line":13,"column":2},"end":{"line":13,"column":58}}],"line":13},"1":{"loc":{"start":{"line":20,"column":2},"end":{"line":20,"column":67}},"type":"if","locations":[{"start":{"line":20,"column":2},"end":{"line":20,"column":67}},{"start":{"line":20,"column":2},"end":{"line":20,"column":67}}],"line":20},"2":{"loc":{"start":{"line":23,"column":2},"end":{"line":23,"column":70}},"type":"if","locations":[{"start":{"line":23,"column":2},"end":{"line":23,"column":70}},{"start":{"line":23,"column":2},"end":{"line":23,"column":70}}],"line":23},"3":{"loc":{"start":{"line":47,"column":2},"end":{"line":47,"column":67}},"type":"if","locations":[{"start":{"line":47,"column":2},"end":{"line":47,"column":67}},{"start":{"line":47,"column":2},"end":{"line":47,"column":67}}],"line":47},"4":{"loc":{"start":{"line":50,"column":2},"end":{"line":50,"column":75}},"type":"if","locations":[{"start":{"line":50,"column":2},"end":{"line":50,"column":75}},{"start":{"line":50,"column":2},"end":{"line":50,"column":75}}],"line":50},"5":{"loc":{"start":{"line":54,"column":2},"end":{"line":57,"column":71}},"type":"if","locations":[{"start":{"line":54,"column":2},"end":{"line":57,"column":71}},{"start":{"line":54,"column":2},"end":{"line":57,"column":71}}],"line":54},"6":{"loc":{"start":{"line":63,"column":2},"end":{"line":63,"column":67}},"type":"if","locations":[{"start":{"line":63,"column":2},"end":{"line":63,"column":67}},{"start":{"line":63,"column":2},"end":{"line":63,"column":67}}],"line":63},"7":{"loc":{"start":{"line":74,"column":2},"end":{"line":75,"column":76}},"type":"if","locations":[{"start":{"line":74,"column":2},"end":{"line":75,"column":76}},{"start":{"line":74,"column":2},"end":{"line":75,"column":76}}],"line":74},"8":{"loc":{"start":{"line":82,"column":2},"end":{"line":83,"column":76}},"type":"if","locations":[{"start":{"line":82,"column":2},"end":{"line":83,"column":76}},{"start":{"line":82,"column":2},"end":{"line":83,"column":76}}],"line":82}},"s":{"0":1,"1":1,"2":1,"3":1,"4":1,"5":1,"6":1,"7":4,"8":0,"9":0,"10":0,"11":1,"12":0,"13":0,"14":0,"15":0,"16":0,"17":0,"18":0,"19":0,"20":0,"21":0,"22":0,"23":0,"24":1,"25":0,"26":0,"27":0,"28":0,"29":0,"30":0,"31":0,"32":0,"33":0,"34":0,"35":0,"36":1,"37":0,"38":0,"39":0,"40":0,"41":0,"42":0,"43":0,"44":0,"45":0,"46":0,"47":1,"48":0,"49":0,"50":0,"51":0,"52":1},"f":{"0":4,"1":0,"2":0,"3":0,"4":0},"b":{"0":[0,0],"1":[0,0],"2":[0,0],"3":[0,0],"4":[0,0],"5":[0,0],"6":[0,0],"7":[0,0],"8":[0,0]},"_coverageSchema":"332fd63041d2c1bcb487cc26dd0d5f7d97098a6c","hash":"29929ec288df403377d0ee513f1f8b89027ed01b"}
,"/Users/piercemorris/Documents/bjss/BJSSOfficeJukebox/services/priorityService.js": {"path":"/Users/piercemorris/Documents/bjss/BJSSOfficeJukebox/services/priorityService.js","statementMap":{"0":{"start":{"line":1,"column":15},"end":{"line":1,"column":32}},"1":{"start":{"line":5,"column":2},"end":{"line":5,"column":60}},"2":{"start":{"line":5,"column":40},"end":{"line":5,"column":60}},"3":{"start":{"line":7,"column":25},"end":{"line":7,"column":48}},"4":{"start":{"line":8,"column":28},"end":{"line":8,"column":54}},"5":{"start":{"line":11,"column":2},"end":{"line":18,"column":3}},"6":{"start":{"line":12,"column":30},"end":{"line":12,"column":60}},"7":{"start":{"line":13,"column":29},"end":{"line":13,"column":66}},"8":{"start":{"line":14,"column":4},"end":{"line":14,"column":43}},"9":{"start":{"line":17,"column":4},"end":{"line":17,"column":27}},"10":{"start":{"line":23,"column":2},"end":{"line":23,"column":35}},"11":{"start":{"line":23,"column":26},"end":{"line":23,"column":35}},"12":{"start":{"line":25,"column":22},"end":{"line":25,"column":60}},"13":{"start":{"line":28,"column":2},"end":{"line":32,"column":3}},"14":{"start":{"line":29,"column":4},"end":{"line":29,"column":15}},"15":{"start":{"line":31,"column":4},"end":{"line":31,"column":23}},"16":{"start":{"line":37,"column":2},"end":{"line":37,"column":56}},"17":{"start":{"line":37,"column":36},"end":{"line":37,"column":56}},"18":{"start":{"line":39,"column":25},"end":{"line":39,"column":48}},"19":{"start":{"line":40,"column":28},"end":{"line":40,"column":54}},"20":{"start":{"line":43,"column":2},"end":{"line":50,"column":3}},"21":{"start":{"line":44,"column":30},"end":{"line":44,"column":56}},"22":{"start":{"line":45,"column":29},"end":{"line":45,"column":66}},"23":{"start":{"line":46,"column":4},"end":{"line":46,"column":43}},"24":{"start":{"line":49,"column":4},"end":{"line":49,"column":23}},"25":{"start":{"line":53,"column":0},"end":{"line":57,"column":1}}},"fnMap":{"0":{"name":"increaseUserPriority","decl":{"start":{"line":3,"column":9},"end":{"line":3,"column":29}},"loc":{"start":{"line":3,"column":114},"end":{"line":19,"column":1}},"line":3},"1":{"name":"decreaseUserPriority","decl":{"start":{"line":21,"column":9},"end":{"line":21,"column":29}},"loc":{"start":{"line":21,"column":44},"end":{"line":33,"column":1}},"line":21},"2":{"name":"increaseSongPriority","decl":{"start":{"line":35,"column":9},"end":{"line":35,"column":29}},"loc":{"start":{"line":35,"column":110},"end":{"line":51,"column":1}},"line":35}},"branchMap":{"0":{"loc":{"start":{"line":3,"column":68},"end":{"line":3,"column":89}},"type":"default-arg","locations":[{"start":{"line":3,"column":86},"end":{"line":3,"column":89}}],"line":3},"1":{"loc":{"start":{"line":3,"column":91},"end":{"line":3,"column":112}},"type":"default-arg","locations":[{"start":{"line":3,"column":103},"end":{"line":3,"column":112}}],"line":3},"2":{"loc":{"start":{"line":5,"column":2},"end":{"line":5,"column":60}},"type":"if","locations":[{"start":{"line":5,"column":2},"end":{"line":5,"column":60}},{"start":{"line":5,"column":2},"end":{"line":5,"column":60}}],"line":5},"3":{"loc":{"start":{"line":11,"column":2},"end":{"line":18,"column":3}},"type":"if","locations":[{"start":{"line":11,"column":2},"end":{"line":18,"column":3}},{"start":{"line":11,"column":2},"end":{"line":18,"column":3}}],"line":11},"4":{"loc":{"start":{"line":23,"column":2},"end":{"line":23,"column":35}},"type":"if","locations":[{"start":{"line":23,"column":2},"end":{"line":23,"column":35}},{"start":{"line":23,"column":2},"end":{"line":23,"column":35}}],"line":23},"5":{"loc":{"start":{"line":28,"column":2},"end":{"line":32,"column":3}},"type":"if","locations":[{"start":{"line":28,"column":2},"end":{"line":32,"column":3}},{"start":{"line":28,"column":2},"end":{"line":32,"column":3}}],"line":28},"6":{"loc":{"start":{"line":35,"column":68},"end":{"line":35,"column":85}},"type":"default-arg","locations":[{"start":{"line":35,"column":82},"end":{"line":35,"column":85}}],"line":35},"7":{"loc":{"start":{"line":35,"column":87},"end":{"line":35,"column":108}},"type":"default-arg","locations":[{"start":{"line":35,"column":99},"end":{"line":35,"column":108}}],"line":35},"8":{"loc":{"start":{"line":37,"column":2},"end":{"line":37,"column":56}},"type":"if","locations":[{"start":{"line":37,"column":2},"end":{"line":37,"column":56}},{"start":{"line":37,"column":2},"end":{"line":37,"column":56}}],"line":37},"9":{"loc":{"start":{"line":43,"column":2},"end":{"line":50,"column":3}},"type":"if","locations":[{"start":{"line":43,"column":2},"end":{"line":50,"column":3}},{"start":{"line":43,"column":2},"end":{"line":50,"column":3}}],"line":43}},"s":{"0":2,"1":3,"2":1,"3":2,"4":2,"5":2,"6":1,"7":1,"8":1,"9":1,"10":3,"11":1,"12":2,"13":2,"14":1,"15":1,"16":5,"17":1,"18":4,"19":4,"20":4,"21":1,"22":1,"23":1,"24":3,"25":2},"f":{"0":3,"1":3,"2":5},"b":{"0":[3],"1":[3],"2":[1,2],"3":[1,1],"4":[1,2],"5":[1,1],"6":[5],"7":[5],"8":[1,4],"9":[1,3]},"_coverageSchema":"332fd63041d2c1bcb487cc26dd0d5f7d97098a6c","hash":"6226d84851f4e434c7b2988a3ab7a981b538d012"}
,"/Users/piercemorris/Documents/bjss/BJSSOfficeJukebox/startup/db.js": {"path":"/Users/piercemorris/Documents/bjss/BJSSOfficeJukebox/startup/db.js","statementMap":{"0":{"start":{"line":1,"column":17},"end":{"line":1,"column":36}},"1":{"start":{"line":2,"column":15},"end":{"line":2,"column":32}},"2":{"start":{"line":4,"column":0},"end":{"line":7,"column":2}},"3":{"start":{"line":5,"column":13},"end":{"line":5,"column":34}},"4":{"start":{"line":6,"column":2},"end":{"line":6,"column":72}},"5":{"start":{"line":6,"column":34},"end":{"line":6,"column":70}}},"fnMap":{"0":{"name":"(anonymous_0)","decl":{"start":{"line":4,"column":17},"end":{"line":4,"column":18}},"loc":{"start":{"line":4,"column":29},"end":{"line":7,"column":1}},"line":4},"1":{"name":"(anonymous_1)","decl":{"start":{"line":6,"column":28},"end":{"line":6,"column":29}},"loc":{"start":{"line":6,"column":34},"end":{"line":6,"column":70}},"line":6}},"branchMap":{},"s":{"0":1,"1":1,"2":1,"3":1,"4":1,"5":1},"f":{"0":1,"1":1},"b":{},"_coverageSchema":"332fd63041d2c1bcb487cc26dd0d5f7d97098a6c","hash":"29325ebf6aa001298d59421e9a7aef69e44406c3"}
,"/Users/piercemorris/Documents/bjss/BJSSOfficeJukebox/startup/routes.js": {"path":"/Users/piercemorris/Documents/bjss/BJSSOfficeJukebox/startup/routes.js","statementMap":{"0":{"start":{"line":1,"column":16},"end":{"line":1,"column":34}},"1":{"start":{"line":2,"column":13},"end":{"line":2,"column":28}},"2":{"start":{"line":3,"column":20},"end":{"line":3,"column":42}},"3":{"start":{"line":4,"column":21},"end":{"line":4,"column":45}},"4":{"start":{"line":5,"column":16},"end":{"line":5,"column":44}},"5":{"start":{"line":6,"column":14},"end":{"line":6,"column":40}},"6":{"start":{"line":7,"column":14},"end":{"line":7,"column":40}},"7":{"start":{"line":9,"column":0},"end":{"line":18,"column":2}},"8":{"start":{"line":10,"column":2},"end":{"line":10,"column":18}},"9":{"start":{"line":11,"column":2},"end":{"line":11,"column":26}},"10":{"start":{"line":12,"column":2},"end":{"line":12,"column":26}},"11":{"start":{"line":13,"column":2},"end":{"line":13,"column":25}},"12":{"start":{"line":14,"column":2},"end":{"line":14,"column":37}},"13":{"start":{"line":15,"column":2},"end":{"line":15,"column":36}},"14":{"start":{"line":16,"column":2},"end":{"line":16,"column":32}},"15":{"start":{"line":17,"column":2},"end":{"line":17,"column":32}}},"fnMap":{"0":{"name":"(anonymous_0)","decl":{"start":{"line":9,"column":17},"end":{"line":9,"column":18}},"loc":{"start":{"line":9,"column":32},"end":{"line":18,"column":1}},"line":9}},"branchMap":{},"s":{"0":1,"1":1,"2":1,"3":1,"4":1,"5":1,"6":1,"7":1,"8":1,"9":1,"10":1,"11":1,"12":1,"13":1,"14":1,"15":1},"f":{"0":1},"b":{},"_coverageSchema":"332fd63041d2c1bcb487cc26dd0d5f7d97098a6c","hash":"606986c69bf558aca1becb1f393af02f57e8e548"}
}
