TN:
SF:/Users/piercemorris/Documents/bjss/BJSSOfficeJukebox/index.js
FN:16,(anonymous_0)
FN:22,(anonymous_1)
FN:23,(anonymous_2)
FNF:3
FNH:2
FNDA:0,(anonymous_0)
FNDA:1,(anonymous_1)
FNDA:1,(anonymous_2)
DA:1,1
DA:2,1
DA:3,1
DA:4,1
DA:5,1
DA:7,1
DA:8,1
DA:9,1
DA:10,1
DA:12,1
DA:13,1
DA:14,1
DA:16,1
DA:17,0
DA:20,1
DA:23,1
LF:16
LH:15
BRDA:10,0,0,1
BRDA:10,0,1,1
BRF:2
BRH:2
end_of_record
TN:
SF:/Users/piercemorris/Documents/bjss/BJSSOfficeJukebox/next.config.js
FNF:0
FNH:0
DA:1,1
DA:2,1
LF:2
LH:2
BRF:0
BRH:0
end_of_record
TN:
SF:/Users/piercemorris/Documents/bjss/BJSSOfficeJukebox/middleware/auth.js
FN:4,auth
FNF:1
FNH:0
FNDA:0,auth
DA:1,1
DA:2,1
DA:4,1
DA:5,0
DA:6,0
DA:8,0
DA:9,0
DA:10,0
DA:11,0
DA:13,0
LF:10
LH:3
BRDA:6,0,0,0
BRDA:6,0,1,0
BRF:2
BRH:0
end_of_record
TN:
SF:/Users/piercemorris/Documents/bjss/BJSSOfficeJukebox/models/song.js
FN:29,validateSong
FNF:1
FNH:1
FNDA:2,validateSong
DA:1,1
DA:2,1
DA:4,1
DA:27,1
DA:30,2
DA:35,2
DA:38,1
DA:39,1
DA:40,1
LF:9
LH:9
BRF:0
BRH:0
end_of_record
TN:
SF:/Users/piercemorris/Documents/bjss/BJSSOfficeJukebox/models/user.js
FN:38,(anonymous_0)
FN:52,validateUser
FNF:2
FNH:1
FNDA:1,(anonymous_0)
FNDA:0,validateUser
DA:1,2
DA:2,2
DA:3,2
DA:4,2
DA:6,2
DA:7,2
DA:8,2
DA:9,2
DA:11,2
DA:38,2
DA:39,1
DA:47,1
DA:50,2
DA:53,0
DA:64,0
DA:67,2
DA:68,2
DA:69,2
LF:18
LH:16
BRF:0
BRH:0
end_of_record
TN:
SF:/Users/piercemorris/Documents/bjss/BJSSOfficeJukebox/routes/songs.js
FN:9,(anonymous_0)
FN:12,(anonymous_1)
FN:24,(anonymous_2)
FN:61,(anonymous_3)
FNF:4
FNH:3
FNDA:1,(anonymous_0)
FNDA:2,(anonymous_1)
FNDA:2,(anonymous_2)
FNDA:0,(anonymous_3)
DA:1,1
DA:2,1
DA:3,1
DA:4,1
DA:5,1
DA:6,1
DA:9,1
DA:10,1
DA:12,1
DA:13,2
DA:18,1
DA:20,1
DA:24,1
DA:25,2
DA:26,2
DA:27,0
DA:30,0
DA:31,0
DA:33,0
DA:37,0
DA:43,0
DA:44,0
DA:47,0
DA:56,0
DA:57,0
DA:61,1
DA:62,0
DA:63,0
DA:64,0
DA:65,0
DA:68,1
LF:31
LH:17
BRDA:26,0,0,2
BRDA:26,0,1,0
BRDA:31,1,0,0
BRDA:31,1,1,0
BRDA:43,2,0,0
BRDA:43,2,1,0
BRDA:63,3,0,0
BRDA:63,3,1,0
BRF:8
BRH:1
end_of_record
TN:
SF:/Users/piercemorris/Documents/bjss/BJSSOfficeJukebox/routes/spotify.js
FN:26,(anonymous_0)
FN:31,(anonymous_1)
FN:40,(anonymous_2)
FN:47,(anonymous_3)
FN:53,(anonymous_4)
FN:61,(anonymous_5)
FN:64,(anonymous_6)
FN:67,(anonymous_7)
FN:73,(anonymous_8)
FN:80,(anonymous_9)
FN:89,(anonymous_10)
FN:99,(anonymous_11)
FN:107,(anonymous_12)
FN:114,(anonymous_13)
FN:128,(anonymous_14)
FNF:15
FNH:0
FNDA:0,(anonymous_0)
FNDA:0,(anonymous_1)
FNDA:0,(anonymous_2)
FNDA:0,(anonymous_3)
FNDA:0,(anonymous_4)
FNDA:0,(anonymous_5)
FNDA:0,(anonymous_6)
FNDA:0,(anonymous_7)
FNDA:0,(anonymous_8)
FNDA:0,(anonymous_9)
FNDA:0,(anonymous_10)
FNDA:0,(anonymous_11)
FNDA:0,(anonymous_12)
FNDA:0,(anonymous_13)
FNDA:0,(anonymous_14)
DA:1,1
DA:2,1
DA:3,1
DA:4,1
DA:5,1
DA:7,1
DA:14,1
DA:15,1
DA:16,1
DA:17,1
DA:18,1
DA:20,1
DA:26,1
DA:27,0
DA:28,0
DA:31,1
DA:32,0
DA:33,0
DA:35,0
DA:36,0
DA:37,0
DA:38,0
DA:40,0
DA:41,0
DA:42,0
DA:43,0
DA:47,1
DA:48,0
DA:50,0
DA:53,1
DA:54,0
DA:55,0
DA:56,0
DA:57,0
DA:58,0
DA:61,1
DA:62,0
DA:63,0
DA:65,0
DA:68,0
DA:70,0
DA:73,1
DA:74,0
DA:75,0
DA:76,0
DA:77,0
DA:80,1
DA:81,0
DA:82,0
DA:83,0
DA:85,0
DA:86,0
DA:89,1
DA:91,0
DA:92,0
DA:93,0
DA:95,0
DA:96,0
DA:99,1
DA:100,0
DA:101,0
DA:103,0
DA:104,0
DA:107,1
DA:108,0
DA:109,0
DA:110,0
DA:111,0
DA:114,1
DA:115,0
DA:116,0
DA:117,0
DA:119,0
DA:124,0
DA:125,0
DA:128,1
DA:129,0
DA:130,0
DA:131,0
DA:134,0
DA:135,0
DA:137,0
DA:138,0
DA:143,0
DA:152,0
DA:153,0
DA:154,0
DA:157,1
LF:88
LH:25
BRDA:15,0,0,1
BRDA:15,0,1,1
BRDA:16,1,0,1
BRDA:16,1,1,1
BRDA:17,2,0,1
BRDA:17,2,1,1
BRDA:18,3,0,1
BRDA:18,3,1,1
BRDA:32,4,0,0
BRDA:32,4,1,0
BRDA:134,5,0,0
BRDA:134,5,1,0
BRF:12
BRH:8
end_of_record
TN:
SF:/Users/piercemorris/Documents/bjss/BJSSOfficeJukebox/routes/users.js
FN:9,(anonymous_0)
FN:18,(anonymous_1)
FN:45,(anonymous_2)
FN:61,(anonymous_3)
FN:80,(anonymous_4)
FNF:5
FNH:1
FNDA:4,(anonymous_0)
FNDA:0,(anonymous_1)
FNDA:0,(anonymous_2)
FNDA:0,(anonymous_3)
FNDA:0,(anonymous_4)
DA:1,1
DA:2,1
DA:3,1
DA:4,1
DA:5,1
DA:6,1
DA:9,1
DA:10,4
DA:13,0
DA:14,0
DA:18,1
DA:19,0
DA:20,0
DA:22,0
DA:23,0
DA:25,0
DA:35,0
DA:36,0
DA:37,0
DA:40,0
DA:41,0
DA:45,1
DA:46,0
DA:47,0
DA:49,0
DA:50,0
DA:53,0
DA:54,0
DA:55,0
DA:56,0
DA:57,0
DA:61,1
DA:62,0
DA:63,0
DA:66,0
DA:67,0
DA:68,0
DA:69,0
DA:74,0
DA:75,0
DA:76,0
DA:80,1
DA:81,0
DA:82,0
DA:83,0
DA:84,0
DA:87,1
LF:47
LH:13
BRDA:13,0,0,0
BRDA:13,0,1,0
BRDA:20,1,0,0
BRDA:20,1,1,0
BRDA:23,2,0,0
BRDA:23,2,1,0
BRDA:47,3,0,0
BRDA:47,3,1,0
BRDA:50,4,0,0
BRDA:50,4,1,0
BRDA:54,5,0,0
BRDA:54,5,1,0
BRDA:63,6,0,0
BRDA:63,6,1,0
BRDA:74,7,0,0
BRDA:74,7,1,0
BRDA:82,8,0,0
BRDA:82,8,1,0
BRF:18
BRH:0
end_of_record
TN:
SF:/Users/piercemorris/Documents/bjss/BJSSOfficeJukebox/services/priorityService.js
FN:3,increaseUserPriority
FN:21,decreaseUserPriority
FN:35,increaseSongPriority
FNF:3
FNH:3
FNDA:3,increaseUserPriority
FNDA:3,decreaseUserPriority
FNDA:5,increaseSongPriority
DA:1,2
DA:5,3
DA:7,2
DA:8,2
DA:11,2
DA:12,1
DA:13,1
DA:14,1
DA:17,1
DA:23,3
DA:25,2
DA:28,2
DA:29,1
DA:31,1
DA:37,5
DA:39,4
DA:40,4
DA:43,4
DA:44,1
DA:45,1
DA:46,1
DA:49,3
DA:53,2
LF:23
LH:23
BRDA:3,0,0,3
BRDA:3,1,0,3
BRDA:5,2,0,1
BRDA:5,2,1,2
BRDA:11,3,0,1
BRDA:11,3,1,1
BRDA:23,4,0,1
BRDA:23,4,1,2
BRDA:28,5,0,1
BRDA:28,5,1,1
BRDA:35,6,0,5
BRDA:35,7,0,5
BRDA:37,8,0,1
BRDA:37,8,1,4
BRDA:43,9,0,1
BRDA:43,9,1,3
BRF:16
BRH:16
end_of_record
TN:
SF:/Users/piercemorris/Documents/bjss/BJSSOfficeJukebox/startup/db.js
FN:4,(anonymous_0)
FN:6,(anonymous_1)
FNF:2
FNH:2
FNDA:1,(anonymous_0)
FNDA:1,(anonymous_1)
DA:1,1
DA:2,1
DA:4,1
DA:5,1
DA:6,1
LF:5
LH:5
BRF:0
BRH:0
end_of_record
TN:
SF:/Users/piercemorris/Documents/bjss/BJSSOfficeJukebox/startup/routes.js
FN:9,(anonymous_0)
FNF:1
FNH:1
FNDA:1,(anonymous_0)
DA:1,1
DA:2,1
DA:3,1
DA:4,1
DA:5,1
DA:6,1
DA:7,1
DA:9,1
DA:10,1
DA:11,1
DA:12,1
DA:13,1
DA:14,1
DA:15,1
DA:16,1
DA:17,1
LF:16
LH:16
BRF:0
BRH:0
end_of_record
